<?xml version="1.0" encoding="UTF-8"?>
<testsuite xmlns:xsi="http://www.w3.org/2001/XMLSchema-instance" xsi:noNamespaceSchemaLocation="https://maven.apache.org/surefire/maven-surefire-plugin/xsd/surefire-test-report-3.0.xsd" version="3.0" name="BankAccountTest" time="0.047" tests="7" errors="0" skipped="0" failures="0">
  <properties>
[...]
</properties>
  <testcase name="testInvalidAccountType" classname="BankAccountTest" time="0.011"/>
  <testcase name="testDepositIncreasesBalance" classname="BankAccountTest" time="0.016"/>
  <testcase name="testAccountTypeAndNumber" classname="BankAccountTest" time="0.001"/>
  <testcase name="testWithdrawDecreasesBalance" classname="BankAccountTest" time="0.001"/>
  <testcase name="testResetMonthlySpent" classname="BankAccountTest" time="0.002"/>
  <testcase name="testWithdrawOverBalanceFails" classname="BankAccountTest" time="0.001"/>
  <testcase name="testMonthlyLimitPreventsOverspending" classname="BankAccountTest" time="0.001"/>
</testsuite>